app/build/intermediates/manifest_merge_blame_file/debug/manifest-merger-blame-debug-report.txt
1<?xml version="1.0" encoding="utf-8"?>
2<manifest xmlns:android="http://schemas.android.com/apk/res/android"
3    package="com.example.m20_firebase"
4    android:versionCode="1"
5    android:versionName="1.0" >
6
7    <uses-sdk
8        android:minSdkVersion="29"
9        android:targetSdkVersion="33" />
10
11    <uses-feature
11-->src\main\AndroidManifest.xml:6:5-8:36
12        android:name="android.hardware.camera"
12-->src\main\AndroidManifest.xml:7:9-47
13        android:required="false" />
13-->src\main\AndroidManifest.xml:8:9-33
14
15    <uses-permission android:name="android.permission.INTERNET" />
15-->src\main\AndroidManifest.xml:10:5-67
15-->src\main\AndroidManifest.xml:10:22-64
16    <uses-permission android:name="android.permission.CAMERA" />
16-->src\main\AndroidManifest.xml:11:5-65
16-->src\main\AndroidManifest.xml:11:22-62
17    <uses-permission android:name="android.permission.POST_NOTIFICATIONS" />
17-->src\main\AndroidManifest.xml:12:5-77
17-->src\main\AndroidManifest.xml:12:22-74
18    <uses-permission
18-->src\main\AndroidManifest.xml:13:5-16:40
19        android:name="android.permission.WRITE_EXTERNAL_STORAGE"
19-->src\main\AndroidManifest.xml:14:9-65
20        android:maxSdkVersion="28" />
20-->src\main\AndroidManifest.xml:15:9-35
21    <uses-permission
21-->src\main\AndroidManifest.xml:17:5-19:38
22        android:name="android.permission.READ_EXTERNAL_STORAGE"
22-->src\main\AndroidManifest.xml:18:9-64
23        android:maxSdkVersion="28" />
23-->src\main\AndroidManifest.xml:19:9-35
24    <uses-permission android:name="com.google.android.gms.permission.AD_ID" />
24-->src\main\AndroidManifest.xml:20:5-79
24-->src\main\AndroidManifest.xml:20:22-76
25    <uses-permission android:name="android.permission.ACCESS_FINE_LOCATION" />
25-->src\main\AndroidManifest.xml:21:5-79
25-->src\main\AndroidManifest.xml:21:22-76
26    <uses-permission android:name="android.permission.ACCESS_COARSE_LOCATION" />
26-->src\main\AndroidManifest.xml:22:5-81
26-->src\main\AndroidManifest.xml:22:22-78
27
28    <queries>
28-->[androidx.camera:camera-extensions:1.4.0] AndroidManifest.xml:22:5-26:15
29        <intent>
29-->[androidx.camera:camera-extensions:1.4.0] AndroidManifest.xml:23:9-25:18
30            <action android:name="androidx.camera.extensions.action.VENDOR_ACTION" />
30-->[androidx.camera:camera-extensions:1.4.0] AndroidManifest.xml:24:13-86
30-->[androidx.camera:camera-extensions:1.4.0] AndroidManifest.xml:24:21-83
31        </intent>
32        <!-- Needs to be explicitly declared on Android R+ -->
33        <package android:name="com.google.android.apps.maps" />
33-->[com.google.android.gms:play-services-maps:19.0.0] AndroidManifest.xml:33:9-64
33-->[com.google.android.gms:play-services-maps:19.0.0] AndroidManifest.xml:33:18-61
34    </queries> <!-- Include required permissions for Google Maps API to run. -->
35    <uses-permission android:name="android.permission.ACCESS_NETWORK_STATE" />
35-->[com.google.android.gms:play-services-maps:19.0.0] AndroidManifest.xml:23:5-79
35-->[com.google.android.gms:play-services-maps:19.0.0] AndroidManifest.xml:23:22-76
36
37    <uses-feature
37-->[com.google.android.gms:play-services-maps:19.0.0] AndroidManifest.xml:26:5-28:35
38        android:glEsVersion="0x00020000"
38-->[com.google.android.gms:play-services-maps:19.0.0] AndroidManifest.xml:27:9-41
39        android:required="true" />
39-->[com.google.android.gms:play-services-maps:19.0.0] AndroidManifest.xml:28:9-32
40
41    <uses-permission android:name="android.permission.ACCESS_WIFI_STATE" />
41-->[com.yandex.android:maps.mobile:4.4.0-lite] AndroidManifest.xml:15:5-76
41-->[com.yandex.android:maps.mobile:4.4.0-lite] AndroidManifest.xml:15:22-73
42    <uses-permission android:name="android.permission.CHANGE_WIFI_STATE" />
42-->[com.yandex.android:maps.mobile:4.4.0-lite] AndroidManifest.xml:16:5-76
42-->[com.yandex.android:maps.mobile:4.4.0-lite] AndroidManifest.xml:16:22-73
43    <uses-permission android:name="android.permission.WAKE_LOCK" />
43-->[com.yandex.android:maps.mobile:4.4.0-lite] AndroidManifest.xml:21:5-68
43-->[com.yandex.android:maps.mobile:4.4.0-lite] AndroidManifest.xml:21:22-65
44    <uses-permission android:name="android.permission.RECEIVE_BOOT_COMPLETED" />
44-->[com.yandex.android:maps.mobile:4.4.0-lite] AndroidManifest.xml:22:5-81
44-->[com.yandex.android:maps.mobile:4.4.0-lite] AndroidManifest.xml:22:22-78
45    <uses-permission android:name="com.google.android.finsky.permission.BIND_GET_INSTALL_REFERRER_SERVICE" />
45-->[com.google.android.gms:play-services-measurement:22.1.2] AndroidManifest.xml:26:5-110
45-->[com.google.android.gms:play-services-measurement:22.1.2] AndroidManifest.xml:26:22-107
46    <uses-permission android:name="android.permission.ACCESS_ADSERVICES_ATTRIBUTION" />
46-->[com.google.android.gms:play-services-measurement-api:22.1.2] AndroidManifest.xml:26:5-88
46-->[com.google.android.gms:play-services-measurement-api:22.1.2] AndroidManifest.xml:26:22-85
47    <uses-permission android:name="android.permission.ACCESS_ADSERVICES_AD_ID" />
47-->[com.google.android.gms:play-services-measurement-api:22.1.2] AndroidManifest.xml:27:5-82
47-->[com.google.android.gms:play-services-measurement-api:22.1.2] AndroidManifest.xml:27:22-79
48
49    <permission
49-->[androidx.core:core:1.15.0] AndroidManifest.xml:22:5-24:47
50        android:name="com.example.m20_firebase.DYNAMIC_RECEIVER_NOT_EXPORTED_PERMISSION"
50-->[androidx.core:core:1.15.0] AndroidManifest.xml:23:9-81
51        android:protectionLevel="signature" />
51-->[androidx.core:core:1.15.0] AndroidManifest.xml:24:9-44
52
53    <uses-permission android:name="com.example.m20_firebase.DYNAMIC_RECEIVER_NOT_EXPORTED_PERMISSION" />
53-->[androidx.core:core:1.15.0] AndroidManifest.xml:26:5-97
53-->[androidx.core:core:1.15.0] AndroidManifest.xml:26:22-94
54
55    <application
55-->src\main\AndroidManifest.xml:24:5-64:19
56        android:name="com.example.m20_firebase.App"
56-->src\main\AndroidManifest.xml:25:9-28
57        android:allowBackup="true"
57-->src\main\AndroidManifest.xml:26:9-35
58        android:appComponentFactory="androidx.core.app.CoreComponentFactory"
58-->[androidx.core:core:1.15.0] AndroidManifest.xml:28:18-86
59        android:dataExtractionRules="@xml/data_extraction_rules"
59-->src\main\AndroidManifest.xml:27:9-65
60        android:debuggable="true"
61        android:extractNativeLibs="false"
62        android:fullBackupContent="@xml/backup_rules"
62-->src\main\AndroidManifest.xml:28:9-54
63        android:icon="@mipmap/ic_launcher"
63-->src\main\AndroidManifest.xml:29:9-43
64        android:label="@string/app_name"
64-->src\main\AndroidManifest.xml:30:9-41
65        android:roundIcon="@mipmap/ic_launcher_round"
65-->src\main\AndroidManifest.xml:31:9-54
66        android:supportsRtl="true"
66-->src\main\AndroidManifest.xml:32:9-35
67        android:testOnly="true"
68        android:theme="@style/Theme.AppCompat.DayNight.NoActionBar" >
68-->src\main\AndroidManifest.xml:33:9-68
69
70        <!--
71             TODO: Before you run your application, you need a Google Maps API key.
72
73             To get one, follow the directions here:
74
75                https://developers.google.com/maps/documentation/android-sdk/get-api-key
76
77             Once you have your API key (it starts with "AIza"), define a new property in your
78             project's local.properties file (e.g. MAPS_API_KEY=Aiza...), and replace the
79             "YOUR_API_KEY" string in this file with "${MAPS_API_KEY}".
80        -->
81        <!-- <meta-data -->
82        <!-- android:name="com.google.android.geo.API_KEY" -->
83        <!-- android:value="YOUR_API_KEY" /> -->
84        <meta-data
84-->src\main\AndroidManifest.xml:51:9-53:68
85            android:name="com.yandex.android.KEY"
85-->src\main\AndroidManifest.xml:52:13-50
86            android:value="8d3fc0e1-fedc-4db3-a90e-adf3de2d5646" />
86-->src\main\AndroidManifest.xml:53:13-65
87
88        <activity
88-->src\main\AndroidManifest.xml:55:9-63:20
89            android:name="com.example.m20_firebase.presentation.MainActivity"
89-->src\main\AndroidManifest.xml:56:13-54
90            android:exported="true" >
90-->src\main\AndroidManifest.xml:57:13-36
91            <intent-filter>
91-->src\main\AndroidManifest.xml:58:13-62:29
92                <action android:name="android.intent.action.MAIN" />
92-->src\main\AndroidManifest.xml:59:17-69
92-->src\main\AndroidManifest.xml:59:25-66
93
94                <category android:name="android.intent.category.LAUNCHER" />
94-->src\main\AndroidManifest.xml:61:17-77
94-->src\main\AndroidManifest.xml:61:27-74
95            </intent-filter>
96        </activity>
97
98        <uses-library
98-->[androidx.camera:camera-extensions:1.4.0] AndroidManifest.xml:29:9-31:40
99            android:name="androidx.camera.extensions.impl"
99-->[androidx.camera:camera-extensions:1.4.0] AndroidManifest.xml:30:13-59
100            android:required="false" />
100-->[androidx.camera:camera-extensions:1.4.0] AndroidManifest.xml:31:13-37
101
102        <service
102-->[androidx.camera:camera-camera2:1.4.0] AndroidManifest.xml:24:9-33:19
103            android:name="androidx.camera.core.impl.MetadataHolderService"
103-->[androidx.camera:camera-camera2:1.4.0] AndroidManifest.xml:25:13-75
104            android:enabled="false"
104-->[androidx.camera:camera-camera2:1.4.0] AndroidManifest.xml:26:13-36
105            android:exported="false" >
105-->[androidx.camera:camera-camera2:1.4.0] AndroidManifest.xml:27:13-37
106            <meta-data
106-->[androidx.camera:camera-camera2:1.4.0] AndroidManifest.xml:30:13-32:89
107                android:name="androidx.camera.core.impl.MetadataHolderService.DEFAULT_CONFIG_PROVIDER"
107-->[androidx.camera:camera-camera2:1.4.0] AndroidManifest.xml:31:17-103
108                android:value="androidx.camera.camera2.Camera2Config$DefaultProvider" />
108-->[androidx.camera:camera-camera2:1.4.0] AndroidManifest.xml:32:17-86
109        </service> <!-- Needs to be explicitly declared on P+ -->
110        <uses-library
110-->[com.google.android.gms:play-services-maps:19.0.0] AndroidManifest.xml:39:9-41:40
111            android:name="org.apache.http.legacy"
111-->[com.google.android.gms:play-services-maps:19.0.0] AndroidManifest.xml:40:13-50
112            android:required="false" />
112-->[com.google.android.gms:play-services-maps:19.0.0] AndroidManifest.xml:41:13-37
113
114        <meta-data
114-->[com.yandex.android:maps.mobile:4.4.0-lite] AndroidManifest.xml:25:9-27:38
115            android:name="yandex.maps.runtime.stl.linkage"
115-->[com.yandex.android:maps.mobile:4.4.0-lite] AndroidManifest.xml:26:13-59
116            android:value="static" />
116-->[com.yandex.android:maps.mobile:4.4.0-lite] AndroidManifest.xml:27:13-35
117
118        <service
118-->[com.yandex.android:maps.mobile:4.4.0-lite] AndroidManifest.xml:29:9-32:72
119            android:name="com.evernote.android.job.patched.internal.v21.PlatformJobService"
119-->[com.yandex.android:maps.mobile:4.4.0-lite] AndroidManifest.xml:30:13-92
120            android:exported="false"
120-->[com.yandex.android:maps.mobile:4.4.0-lite] AndroidManifest.xml:31:13-37
121            android:permission="android.permission.BIND_JOB_SERVICE" />
121-->[com.yandex.android:maps.mobile:4.4.0-lite] AndroidManifest.xml:32:13-69
122        <service
122-->[com.yandex.android:maps.mobile:4.4.0-lite] AndroidManifest.xml:33:9-36:72
123            android:name="com.evernote.android.job.patched.internal.v14.PlatformAlarmService"
123-->[com.yandex.android:maps.mobile:4.4.0-lite] AndroidManifest.xml:34:13-94
124            android:exported="false"
124-->[com.yandex.android:maps.mobile:4.4.0-lite] AndroidManifest.xml:35:13-37
125            android:permission="android.permission.BIND_JOB_SERVICE" />
125-->[com.yandex.android:maps.mobile:4.4.0-lite] AndroidManifest.xml:36:13-69
126        <service
126-->[com.yandex.android:maps.mobile:4.4.0-lite] AndroidManifest.xml:37:9-39:40
127            android:name="com.evernote.android.job.patched.internal.v14.PlatformAlarmServiceExact"
127-->[com.yandex.android:maps.mobile:4.4.0-lite] AndroidManifest.xml:38:13-99
128            android:exported="false" />
128-->[com.yandex.android:maps.mobile:4.4.0-lite] AndroidManifest.xml:39:13-37
129
130        <receiver
130-->[com.yandex.android:maps.mobile:4.4.0-lite] AndroidManifest.xml:41:9-50:20
131            android:name="com.evernote.android.job.patched.internal.v14.PlatformAlarmReceiver"
131-->[com.yandex.android:maps.mobile:4.4.0-lite] AndroidManifest.xml:42:13-95
132            android:exported="false" >
132-->[com.yandex.android:maps.mobile:4.4.0-lite] AndroidManifest.xml:43:13-37
133            <intent-filter>
133-->[com.yandex.android:maps.mobile:4.4.0-lite] AndroidManifest.xml:44:13-49:29
134
135                <!-- Keep the filter for legacy intents -->
136                <action android:name="com.evernote.android.job.patched.internal.v14.RUN_JOB" />
136-->[com.yandex.android:maps.mobile:4.4.0-lite] AndroidManifest.xml:47:17-96
136-->[com.yandex.android:maps.mobile:4.4.0-lite] AndroidManifest.xml:47:25-93
137                <action android:name="net.vrallev.android.job.v14.RUN_JOB" />
137-->[com.yandex.android:maps.mobile:4.4.0-lite] AndroidManifest.xml:48:17-78
137-->[com.yandex.android:maps.mobile:4.4.0-lite] AndroidManifest.xml:48:25-75
138            </intent-filter>
139        </receiver>
140        <receiver
140-->[com.yandex.android:maps.mobile:4.4.0-lite] AndroidManifest.xml:51:9-60:20
141            android:name="com.evernote.android.job.patched.internal.JobBootReceiver"
141-->[com.yandex.android:maps.mobile:4.4.0-lite] AndroidManifest.xml:52:13-85
142            android:exported="false" >
142-->[com.yandex.android:maps.mobile:4.4.0-lite] AndroidManifest.xml:53:13-37
143            <intent-filter>
143-->[com.yandex.android:maps.mobile:4.4.0-lite] AndroidManifest.xml:54:13-59:29
144                <action android:name="android.intent.action.BOOT_COMPLETED" />
144-->[com.yandex.android:maps.mobile:4.4.0-lite] AndroidManifest.xml:55:17-79
144-->[com.yandex.android:maps.mobile:4.4.0-lite] AndroidManifest.xml:55:25-76
145                <action android:name="android.intent.action.QUICKBOOT_POWERON" />
145-->[com.yandex.android:maps.mobile:4.4.0-lite] AndroidManifest.xml:56:17-82
145-->[com.yandex.android:maps.mobile:4.4.0-lite] AndroidManifest.xml:56:25-79
146                <action android:name="com.htc.intent.action.QUICKBOOT_POWERON" />
146-->[com.yandex.android:maps.mobile:4.4.0-lite] AndroidManifest.xml:57:17-82
146-->[com.yandex.android:maps.mobile:4.4.0-lite] AndroidManifest.xml:57:25-79
147                <action android:name="android.intent.action.MY_PACKAGE_REPLACED" />
147-->[com.yandex.android:maps.mobile:4.4.0-lite] AndroidManifest.xml:58:17-84
147-->[com.yandex.android:maps.mobile:4.4.0-lite] AndroidManifest.xml:58:25-81
148            </intent-filter>
149        </receiver>
150
151        <service
151-->[com.yandex.android:maps.mobile:4.4.0-lite] AndroidManifest.xml:62:9-65:72
152            android:name="com.evernote.android.job.patched.internal.JobRescheduleService"
152-->[com.yandex.android:maps.mobile:4.4.0-lite] AndroidManifest.xml:63:13-90
153            android:exported="false"
153-->[com.yandex.android:maps.mobile:4.4.0-lite] AndroidManifest.xml:64:13-37
154            android:permission="android.permission.BIND_JOB_SERVICE" />
154-->[com.yandex.android:maps.mobile:4.4.0-lite] AndroidManifest.xml:65:13-69
155        <service
155-->[com.yandex.android:maps.mobile:4.4.0-lite] AndroidManifest.xml:66:9-69:72
156            android:name="com.yandex.runtime.connectivity.internal.ConnectivityService"
156-->[com.yandex.android:maps.mobile:4.4.0-lite] AndroidManifest.xml:67:13-88
157            android:exported="true"
157-->[com.yandex.android:maps.mobile:4.4.0-lite] AndroidManifest.xml:68:13-36
158            android:permission="android.permission.BIND_JOB_SERVICE" />
158-->[com.yandex.android:maps.mobile:4.4.0-lite] AndroidManifest.xml:69:13-69
159
160        <receiver
160-->[com.google.android.gms:play-services-measurement:22.1.2] AndroidManifest.xml:29:9-33:20
161            android:name="com.google.android.gms.measurement.AppMeasurementReceiver"
161-->[com.google.android.gms:play-services-measurement:22.1.2] AndroidManifest.xml:30:13-85
162            android:enabled="true"
162-->[com.google.android.gms:play-services-measurement:22.1.2] AndroidManifest.xml:31:13-35
163            android:exported="false" >
163-->[com.google.android.gms:play-services-measurement:22.1.2] AndroidManifest.xml:32:13-37
164        </receiver>
165
166        <service
166-->[com.google.android.gms:play-services-measurement:22.1.2] AndroidManifest.xml:35:9-38:40
167            android:name="com.google.android.gms.measurement.AppMeasurementService"
167-->[com.google.android.gms:play-services-measurement:22.1.2] AndroidManifest.xml:36:13-84
168            android:enabled="true"
168-->[com.google.android.gms:play-services-measurement:22.1.2] AndroidManifest.xml:37:13-35
169            android:exported="false" />
169-->[com.google.android.gms:play-services-measurement:22.1.2] AndroidManifest.xml:38:13-37
170        <service
170-->[com.google.android.gms:play-services-measurement:22.1.2] AndroidManifest.xml:39:9-43:72
171            android:name="com.google.android.gms.measurement.AppMeasurementJobService"
171-->[com.google.android.gms:play-services-measurement:22.1.2] AndroidManifest.xml:40:13-87
172            android:enabled="true"
172-->[com.google.android.gms:play-services-measurement:22.1.2] AndroidManifest.xml:41:13-35
173            android:exported="false"
173-->[com.google.android.gms:play-services-measurement:22.1.2] AndroidManifest.xml:42:13-37
174            android:permission="android.permission.BIND_JOB_SERVICE" />
174-->[com.google.android.gms:play-services-measurement:22.1.2] AndroidManifest.xml:43:13-69
175
176        <activity
176-->[com.google.android.gms:play-services-base:18.5.0] AndroidManifest.xml:5:9-173
177            android:name="com.google.android.gms.common.api.GoogleApiActivity"
177-->[com.google.android.gms:play-services-base:18.5.0] AndroidManifest.xml:5:19-85
178            android:exported="false"
178-->[com.google.android.gms:play-services-base:18.5.0] AndroidManifest.xml:5:146-170
179            android:theme="@android:style/Theme.Translucent.NoTitleBar" />
179-->[com.google.android.gms:play-services-base:18.5.0] AndroidManifest.xml:5:86-145
180
181        <service
181-->[com.google.firebase:firebase-crashlytics:19.2.1] AndroidManifest.xml:12:9-21:19
182            android:name="com.google.firebase.components.ComponentDiscoveryService"
182-->[com.google.firebase:firebase-crashlytics:19.2.1] AndroidManifest.xml:13:13-84
183            android:directBootAware="true"
183-->[com.google.firebase:firebase-common:21.0.0] AndroidManifest.xml:32:13-43
184            android:exported="false" >
184-->[com.google.firebase:firebase-crashlytics:19.2.1] AndroidManifest.xml:14:13-37
185            <meta-data
185-->[com.google.firebase:firebase-crashlytics:19.2.1] AndroidManifest.xml:15:13-17:85
186                android:name="com.google.firebase.components:com.google.firebase.crashlytics.FirebaseCrashlyticsKtxRegistrar"
186-->[com.google.firebase:firebase-crashlytics:19.2.1] AndroidManifest.xml:16:17-126
187                android:value="com.google.firebase.components.ComponentRegistrar" />
187-->[com.google.firebase:firebase-crashlytics:19.2.1] AndroidManifest.xml:17:17-82
188            <meta-data
188-->[com.google.firebase:firebase-crashlytics:19.2.1] AndroidManifest.xml:18:13-20:85
189                android:name="com.google.firebase.components:com.google.firebase.crashlytics.CrashlyticsRegistrar"
189-->[com.google.firebase:firebase-crashlytics:19.2.1] AndroidManifest.xml:19:17-115
190                android:value="com.google.firebase.components.ComponentRegistrar" />
190-->[com.google.firebase:firebase-crashlytics:19.2.1] AndroidManifest.xml:20:17-82
191            <meta-data
191-->[com.google.android.gms:play-services-measurement-api:22.1.2] AndroidManifest.xml:37:13-39:85
192                android:name="com.google.firebase.components:com.google.firebase.analytics.connector.internal.AnalyticsConnectorRegistrar"
192-->[com.google.android.gms:play-services-measurement-api:22.1.2] AndroidManifest.xml:38:17-139
193                android:value="com.google.firebase.components.ComponentRegistrar" />
193-->[com.google.android.gms:play-services-measurement-api:22.1.2] AndroidManifest.xml:39:17-82
194            <meta-data
194-->[com.google.firebase:firebase-sessions:2.0.6] AndroidManifest.xml:29:13-31:85
195                android:name="com.google.firebase.components:com.google.firebase.sessions.FirebaseSessionsRegistrar"
195-->[com.google.firebase:firebase-sessions:2.0.6] AndroidManifest.xml:30:17-117
196                android:value="com.google.firebase.components.ComponentRegistrar" />
196-->[com.google.firebase:firebase-sessions:2.0.6] AndroidManifest.xml:31:17-82
197            <meta-data
197-->[com.google.firebase:firebase-installations:18.0.0] AndroidManifest.xml:15:13-17:85
198                android:name="com.google.firebase.components:com.google.firebase.installations.FirebaseInstallationsKtxRegistrar"
198-->[com.google.firebase:firebase-installations:18.0.0] AndroidManifest.xml:16:17-130
199                android:value="com.google.firebase.components.ComponentRegistrar" />
199-->[com.google.firebase:firebase-installations:18.0.0] AndroidManifest.xml:17:17-82
200            <meta-data
200-->[com.google.firebase:firebase-installations:18.0.0] AndroidManifest.xml:18:13-20:85
201                android:name="com.google.firebase.components:com.google.firebase.installations.FirebaseInstallationsRegistrar"
201-->[com.google.firebase:firebase-installations:18.0.0] AndroidManifest.xml:19:17-127
202                android:value="com.google.firebase.components.ComponentRegistrar" />
202-->[com.google.firebase:firebase-installations:18.0.0] AndroidManifest.xml:20:17-82
203            <meta-data
203-->[com.google.firebase:firebase-common-ktx:21.0.0] AndroidManifest.xml:12:13-14:85
204                android:name="com.google.firebase.components:com.google.firebase.ktx.FirebaseCommonLegacyRegistrar"
204-->[com.google.firebase:firebase-common-ktx:21.0.0] AndroidManifest.xml:13:17-116
205                android:value="com.google.firebase.components.ComponentRegistrar" />
205-->[com.google.firebase:firebase-common-ktx:21.0.0] AndroidManifest.xml:14:17-82
206            <meta-data
206-->[com.google.firebase:firebase-common:21.0.0] AndroidManifest.xml:35:13-37:85
207                android:name="com.google.firebase.components:com.google.firebase.FirebaseCommonKtxRegistrar"
207-->[com.google.firebase:firebase-common:21.0.0] AndroidManifest.xml:36:17-109
208                android:value="com.google.firebase.components.ComponentRegistrar" />
208-->[com.google.firebase:firebase-common:21.0.0] AndroidManifest.xml:37:17-82
209            <meta-data
209-->[com.google.firebase:firebase-datatransport:19.0.0] AndroidManifest.xml:25:13-27:85
210                android:name="com.google.firebase.components:com.google.firebase.datatransport.TransportRegistrar"
210-->[com.google.firebase:firebase-datatransport:19.0.0] AndroidManifest.xml:26:17-115
211                android:value="com.google.firebase.components.ComponentRegistrar" />
211-->[com.google.firebase:firebase-datatransport:19.0.0] AndroidManifest.xml:27:17-82
212        </service>
213
214        <property
214-->[com.google.android.gms:play-services-measurement-api:22.1.2] AndroidManifest.xml:30:9-32:61
215            android:name="android.adservices.AD_SERVICES_CONFIG"
215-->[com.google.android.gms:play-services-measurement-api:22.1.2] AndroidManifest.xml:31:13-65
216            android:resource="@xml/ga_ad_services_config" />
216-->[com.google.android.gms:play-services-measurement-api:22.1.2] AndroidManifest.xml:32:13-58
217
218        <service
218-->[com.google.firebase:firebase-sessions:2.0.6] AndroidManifest.xml:22:9-25:40
219            android:name="com.google.firebase.sessions.SessionLifecycleService"
219-->[com.google.firebase:firebase-sessions:2.0.6] AndroidManifest.xml:23:13-80
220            android:enabled="true"
220-->[com.google.firebase:firebase-sessions:2.0.6] AndroidManifest.xml:24:13-35
221            android:exported="false" />
221-->[com.google.firebase:firebase-sessions:2.0.6] AndroidManifest.xml:25:13-37
222
223        <provider
223-->[com.google.firebase:firebase-common:21.0.0] AndroidManifest.xml:23:9-28:39
224            android:name="com.google.firebase.provider.FirebaseInitProvider"
224-->[com.google.firebase:firebase-common:21.0.0] AndroidManifest.xml:24:13-77
225            android:authorities="com.example.m20_firebase.firebaseinitprovider"
225-->[com.google.firebase:firebase-common:21.0.0] AndroidManifest.xml:25:13-72
226            android:directBootAware="true"
226-->[com.google.firebase:firebase-common:21.0.0] AndroidManifest.xml:26:13-43
227            android:exported="false"
227-->[com.google.firebase:firebase-common:21.0.0] AndroidManifest.xml:27:13-37
228            android:initOrder="100" />
228-->[com.google.firebase:firebase-common:21.0.0] AndroidManifest.xml:28:13-36
229
230        <service
230-->[androidx.room:room-runtime:2.6.1] AndroidManifest.xml:24:9-28:63
231            android:name="androidx.room.MultiInstanceInvalidationService"
231-->[androidx.room:room-runtime:2.6.1] AndroidManifest.xml:25:13-74
232            android:directBootAware="true"
232-->[androidx.room:room-runtime:2.6.1] AndroidManifest.xml:26:13-43
233            android:exported="false" />
233-->[androidx.room:room-runtime:2.6.1] AndroidManifest.xml:27:13-37
234
235        <provider
235-->[androidx.emoji2:emoji2:1.3.0] AndroidManifest.xml:24:9-32:20
236            android:name="androidx.startup.InitializationProvider"
236-->[androidx.emoji2:emoji2:1.3.0] AndroidManifest.xml:25:13-67
237            android:authorities="com.example.m20_firebase.androidx-startup"
237-->[androidx.emoji2:emoji2:1.3.0] AndroidManifest.xml:26:13-68
238            android:exported="false" >
238-->[androidx.emoji2:emoji2:1.3.0] AndroidManifest.xml:27:13-37
239            <meta-data
239-->[androidx.emoji2:emoji2:1.3.0] AndroidManifest.xml:29:13-31:52
240                android:name="androidx.emoji2.text.EmojiCompatInitializer"
240-->[androidx.emoji2:emoji2:1.3.0] AndroidManifest.xml:30:17-75
241                android:value="androidx.startup" />
241-->[androidx.emoji2:emoji2:1.3.0] AndroidManifest.xml:31:17-49
242            <meta-data
242-->[androidx.lifecycle:lifecycle-process:2.8.7] AndroidManifest.xml:29:13-31:52
243                android:name="androidx.lifecycle.ProcessLifecycleInitializer"
243-->[androidx.lifecycle:lifecycle-process:2.8.7] AndroidManifest.xml:30:17-78
244                android:value="androidx.startup" />
244-->[androidx.lifecycle:lifecycle-process:2.8.7] AndroidManifest.xml:31:17-49
245            <meta-data
245-->[androidx.profileinstaller:profileinstaller:1.4.0] AndroidManifest.xml:29:13-31:52
246                android:name="androidx.profileinstaller.ProfileInstallerInitializer"
246-->[androidx.profileinstaller:profileinstaller:1.4.0] AndroidManifest.xml:30:17-85
247                android:value="androidx.startup" />
247-->[androidx.profileinstaller:profileinstaller:1.4.0] AndroidManifest.xml:31:17-49
248        </provider>
249
250        <uses-library
250-->[androidx.window:window:1.0.0] AndroidManifest.xml:25:9-27:40
251            android:name="androidx.window.extensions"
251-->[androidx.window:window:1.0.0] AndroidManifest.xml:26:13-54
252            android:required="false" />
252-->[androidx.window:window:1.0.0] AndroidManifest.xml:27:13-37
253        <uses-library
253-->[androidx.window:window:1.0.0] AndroidManifest.xml:28:9-30:40
254            android:name="androidx.window.sidecar"
254-->[androidx.window:window:1.0.0] AndroidManifest.xml:29:13-51
255            android:required="false" />
255-->[androidx.window:window:1.0.0] AndroidManifest.xml:30:13-37
256        <uses-library
256-->[androidx.privacysandbox.ads:ads-adservices:1.0.0-beta05] AndroidManifest.xml:23:9-25:40
257            android:name="android.ext.adservices"
257-->[androidx.privacysandbox.ads:ads-adservices:1.0.0-beta05] AndroidManifest.xml:24:13-50
258            android:required="false" />
258-->[androidx.privacysandbox.ads:ads-adservices:1.0.0-beta05] AndroidManifest.xml:25:13-37
259
260        <meta-data
260-->[com.google.android.gms:play-services-basement:18.4.0] AndroidManifest.xml:6:9-122
261            android:name="com.google.android.gms.version"
261-->[com.google.android.gms:play-services-basement:18.4.0] AndroidManifest.xml:6:20-65
262            android:value="@integer/google_play_services_version" />
262-->[com.google.android.gms:play-services-basement:18.4.0] AndroidManifest.xml:6:66-119
263
264        <receiver
264-->[androidx.profileinstaller:profileinstaller:1.4.0] AndroidManifest.xml:34:9-52:20
265            android:name="androidx.profileinstaller.ProfileInstallReceiver"
265-->[androidx.profileinstaller:profileinstaller:1.4.0] AndroidManifest.xml:35:13-76
266            android:directBootAware="false"
266-->[androidx.profileinstaller:profileinstaller:1.4.0] AndroidManifest.xml:36:13-44
267            android:enabled="true"
267-->[androidx.profileinstaller:profileinstaller:1.4.0] AndroidManifest.xml:37:13-35
268            android:exported="true"
268-->[androidx.profileinstaller:profileinstaller:1.4.0] AndroidManifest.xml:38:13-36
269            android:permission="android.permission.DUMP" >
269-->[androidx.profileinstaller:profileinstaller:1.4.0] AndroidManifest.xml:39:13-57
270            <intent-filter>
270-->[androidx.profileinstaller:profileinstaller:1.4.0] AndroidManifest.xml:40:13-42:29